[debug] [2019-10-17T18:31:06.027Z] ----------------------------------------------------------------------
[debug] [2019-10-17T18:31:06.029Z] Command:       /usr/bin/node /usr/bin/firebase serve
[debug] [2019-10-17T18:31:06.029Z] CLI Version:   7.5.0
[debug] [2019-10-17T18:31:06.029Z] Platform:      linux
[debug] [2019-10-17T18:31:06.029Z] Node Version:  v8.16.2
[debug] [2019-10-17T18:31:06.029Z] Time:          Thu Oct 17 2019 15:31:06 GMT-0300 (-03)
[debug] [2019-10-17T18:31:06.029Z] ----------------------------------------------------------------------
[debug] 
[debug] [2019-10-17T18:31:06.033Z] > command requires scopes: ["email","openid","https://www.googleapis.com/auth/cloudplatformprojects.readonly","https://www.googleapis.com/auth/firebase","https://www.googleapis.com/auth/cloud-platform"]
[debug] [2019-10-17T18:31:06.033Z] > authorizing via signed-in user
[debug] [2019-10-17T18:31:06.033Z] [iam] checking project social-network-1e8dd for permissions ["firebase.projects.get"]
[debug] [2019-10-17T18:31:06.034Z] > refreshing access token with scopes: ["email","https://www.googleapis.com/auth/cloud-platform","https://www.googleapis.com/auth/cloudplatformprojects.readonly","https://www.googleapis.com/auth/firebase","openid"]
[debug] [2019-10-17T18:31:06.035Z] >>> HTTP REQUEST POST https://www.googleapis.com/oauth2/v3/token  
 <request body omitted>
[debug] [2019-10-17T18:31:06.337Z] <<< HTTP RESPONSE 200
[debug] [2019-10-17T18:31:06.349Z] >>> HTTP REQUEST POST https://cloudresourcemanager.googleapis.com/v1/projects/social-network-1e8dd:testIamPermissions  

[debug] [2019-10-17T18:31:07.702Z] <<< HTTP RESPONSE 200
[debug] [2019-10-17T18:31:07.707Z] >>> HTTP REQUEST GET https://firebase.googleapis.com/v1beta1/projects/social-network-1e8dd  
 
[debug] [2019-10-17T18:31:09.444Z] <<< HTTP RESPONSE 200
[info] 
[info] === Serving from '/home/mi/Documentos/SAP003-social-network'...
[info] 
[debug] [2019-10-17T18:31:09.449Z] >>> HTTP REQUEST GET https://firebase.googleapis.com/v1beta1/projects/social-network-1e8dd/webApps/-/config  
 
[debug] [2019-10-17T18:31:11.890Z] <<< HTTP RESPONSE 200
[info] i  hosting: Serving hosting files from: src
[info] ✔  hosting: Local server: http://localhost:5000
